0 info it worked if it ends with ok
1 verbose cli [ '/home/victor/.nvm/versions/node/v6.11.3/bin/node',
1 verbose cli   '/home/victor/.nvm/versions/node/v6.11.3/bin/npm',
1 verbose cli   'run',
1 verbose cli   'build' ]
2 info using npm@3.10.10
3 info using node@v6.11.3
4 verbose run-script [ 'prebuild', 'build', 'postbuild' ]
5 info lifecycle mongodbapi@1.0.0~prebuild: mongodbapi@1.0.0
6 silly lifecycle mongodbapi@1.0.0~prebuild: no script for prebuild, continuing
7 info lifecycle mongodbapi@1.0.0~build: mongodbapi@1.0.0
8 verbose lifecycle mongodbapi@1.0.0~build: unsafe-perm in lifecycle true
9 verbose lifecycle mongodbapi@1.0.0~build: PATH: /home/victor/.nvm/versions/node/v6.11.3/lib/node_modules/npm/bin/node-gyp-bin:/trainings/mongoDB/mongodbAPI/node_modules/.bin:/usr/bin/mongod/bin:/home/victor/.nvm/versions/node/v6.11.3/bin:/usr/bin/mongod/bin:/home/victor/.rvm/gems/ruby-2.4.1/bin:/home/victor/.rvm/gems/ruby-2.4.1@global/bin:/home/victor/.rvm/rubies/ruby-2.4.1/bin:/usr/local/sbin:/usr/local/bin:/usr/sbin:/usr/bin:/sbin:/bin:/usr/games:/usr/local/games:/home/victor/.rvm/bin:/home/victor/.rvm/bin:/home/victor/.rvm/bin:/home/victor/.rvm/bin
10 verbose lifecycle mongodbapi@1.0.0~build: CWD: /trainings/mongoDB/mongodbAPI
11 silly lifecycle mongodbapi@1.0.0~build: Args: [ '-c', 'tsc' ]
12 silly lifecycle mongodbapi@1.0.0~build: Returned: code: 2  signal: null
13 info lifecycle mongodbapi@1.0.0~build: Failed to exec build script
14 verbose stack Error: mongodbapi@1.0.0 build: `tsc`
14 verbose stack Exit status 2
14 verbose stack     at EventEmitter.<anonymous> (/home/victor/.nvm/versions/node/v6.11.3/lib/node_modules/npm/lib/utils/lifecycle.js:255:16)
14 verbose stack     at emitTwo (events.js:106:13)
14 verbose stack     at EventEmitter.emit (events.js:191:7)
14 verbose stack     at ChildProcess.<anonymous> (/home/victor/.nvm/versions/node/v6.11.3/lib/node_modules/npm/lib/utils/spawn.js:40:14)
14 verbose stack     at emitTwo (events.js:106:13)
14 verbose stack     at ChildProcess.emit (events.js:191:7)
14 verbose stack     at maybeClose (internal/child_process.js:920:16)
14 verbose stack     at Process.ChildProcess._handle.onexit (internal/child_process.js:230:5)
15 verbose pkgid mongodbapi@1.0.0
16 verbose cwd /trainings/mongoDB/mongodbAPI
17 error Linux 3.19.0-25-generic
18 error argv "/home/victor/.nvm/versions/node/v6.11.3/bin/node" "/home/victor/.nvm/versions/node/v6.11.3/bin/npm" "run" "build"
19 error node v6.11.3
20 error npm  v3.10.10
21 error code ELIFECYCLE
22 error mongodbapi@1.0.0 build: `tsc`
22 error Exit status 2
23 error Failed at the mongodbapi@1.0.0 build script 'tsc'.
23 error Make sure you have the latest version of node.js and npm installed.
23 error If you do, this is most likely a problem with the mongodbapi package,
23 error not with npm itself.
23 error Tell the author that this fails on your system:
23 error     tsc
23 error You can get information on how to open an issue for this project with:
23 error     npm bugs mongodbapi
23 error Or if that isn't available, you can get their info via:
23 error     npm owner ls mongodbapi
23 error There is likely additional logging output above.
24 verbose exit [ 1, true ]
